<?xml version="1.0" encoding="UTF-8"?>
<!-- Generated by org.testng.reporters.JUnitXMLReporter -->
<testsuite ignored="0" hostname="Sahils-MacBook-Air.local" failures="1" tests="3" name="Test1" time="16.589" errors="0" timestamp="2026-05-02T14:39:09 IST">
  <testcase classname="testCases.TC001_ValidateLoginScreen" name="test_LoginScreen" time="2.215"/>
  <testcase classname="testCases.TC001_ValidateLoginScreen" name="test_LoginScreen" time="1.776"/>
  <testcase classname="testCases.TC001_ValidateLoginScreen" name="test_LoginScreen" time="8.477">
    <failure type="java.lang.AssertionError" message="null">
      <![CDATA[java.lang.AssertionError: null
at testCases.TC001_ValidateLoginScreen.test_LoginScreen(TC001_ValidateLoginScreen.java:69)
at java.base/java.util.ArrayList.forEach(ArrayList.java:1604)
... Removed 31 stack frames]]>
    </failure>
  </testcase> <!-- test_LoginScreen -->
</testsuite> <!-- Test1 -->
