<?xml version="1.0" encoding="UTF-8"?>
<!-- Generated by org.testng.reporters.JUnitXMLReporter -->
<testsuite ignored="0" hostname="Sahils-MacBook-Air.local" failures="0" tests="3" name="test2" time="180.467" errors="0" timestamp="2026-04-29T22:35:50 IST">
  <testcase classname="testCases.TC001_ValidateLoginScreen" name="test_LoginScreen" time="0.0">
    <skipped/>
  </testcase> <!-- test_LoginScreen -->
  <testcase classname="testCases.TC001_ValidateLoginScreen" name="test_LoginScreen" time="0.0">
    <skipped/>
  </testcase> <!-- test_LoginScreen -->
  <testcase classname="testCases.TC001_ValidateLoginScreen" name="test_LoginScreen" time="0.0">
    <skipped/>
  </testcase> <!-- test_LoginScreen -->
</testsuite> <!-- test2 -->
