<?xml version="1.0" encoding="UTF-8"?>
<!-- Generated by org.testng.reporters.JUnitXMLReporter -->
<testsuite ignored="0" hostname="Sahils-MacBook-Air.local" failures="0" tests="3" name="Test2" time="0.116" errors="0" timestamp="2026-05-02T14:24:08 IST">
  <testcase classname="testCases.TC001_ValidateLoginScreen" name="test_LoginScreen" time="0.0">
    <skipped/>
  </testcase> <!-- test_LoginScreen -->
  <testcase classname="testCases.TC001_ValidateLoginScreen" name="test_LoginScreen" time="0.0">
    <skipped/>
  </testcase> <!-- test_LoginScreen -->
  <testcase classname="testCases.TC001_ValidateLoginScreen" name="test_LoginScreen" time="0.0">
    <skipped/>
  </testcase> <!-- test_LoginScreen -->
</testsuite> <!-- Test2 -->
