<?xml version="1.0" encoding="UTF-8"?>
<!-- Generated by org.testng.reporters.JUnitXMLReporter -->
<testsuite ignored="0" hostname="Sahils-MacBook-Air.local" failures="1" tests="3" name="Test1" time="12.78" errors="0" timestamp="2026-05-02T14:24:08 IST">
  <testcase classname="testCases.TC001_ValidateLoginScreen" name="test_LoginScreen" time="2.426"/>
  <testcase classname="testCases.TC001_ValidateLoginScreen" name="test_LoginScreen" time="2.031"/>
  <testcase classname="testCases.TC001_ValidateLoginScreen" name="test_LoginScreen" time="5.451">
    <failure type="java.lang.AssertionError" message="null">
      <![CDATA[java.lang.AssertionError: null
at testCases.TC001_ValidateLoginScreen.test_LoginScreen(TC001_ValidateLoginScreen.java:69)
at java.base/java.util.concurrent.Executors$RunnableAdapter.call(Executors.java:545)
at java.base/java.util.concurrent.FutureTask.run(FutureTask.java:328)
at java.base/java.util.concurrent.ThreadPoolExecutor.runWorker(ThreadPoolExecutor.java:1095)
at java.base/java.util.concurrent.ThreadPoolExecutor$Worker.run(ThreadPoolExecutor.java:619)
at java.base/java.lang.Thread.run(Thread.java:1447)
... Removed 13 stack frames]]>
    </failure>
  </testcase> <!-- test_LoginScreen -->
</testsuite> <!-- Test1 -->
