<?xml version="1.0" encoding="UTF-8"?>
<testng-results ignored="0" total="1" passed="1" failed="0" skipped="0">
  <reporter-output>
  </reporter-output>
  <suite started-at="2026-05-03T23:14:28 IST" name="MasterAutomationSuite" finished-at="2026-05-03T23:14:33 IST" duration-ms="5040">
    <groups>
    </groups>
    <test started-at="2026-05-03T23:14:28 IST" name="Test1" finished-at="2026-05-03T23:14:33 IST" duration-ms="5040">
      <class name="testCases.TC001_ValidateLoginScreen">
        <test-method is-config="true" signature="setUp(java.lang.String,java.lang.String)[pri:0, instance:testCases.TC001_ValidateLoginScreen@14fc1f0]" started-at="2026-05-03T23:14:28 IST" name="setUp" finished-at="2026-05-03T23:14:30 IST" duration-ms="2410" status="PASS">
          <params>
            <param index="0">
              <value>
                <![CDATA[mac]]>
              </value>
            </param>
            <param index="1">
              <value>
                <![CDATA[chrome]]>
              </value>
            </param>
          </params>
          <reporter-output>
          </reporter-output>
        </test-method> <!-- setUp -->
        <test-method signature="test_LoginScreen(java.lang.String,java.lang.String,java.lang.String)[pri:0, instance:testCases.TC001_ValidateLoginScreen@14fc1f0]" started-at="2026-05-03T23:14:30 IST" name="test_LoginScreen" data-provider="LoginData" finished-at="2026-05-03T23:14:33 IST" duration-ms="2309" status="PASS">
          <params>
            <param index="0">
              <value>
                <![CDATA[sahiltest@gmail.com]]>
              </value>
            </param>
            <param index="1">
              <value>
                <![CDATA[Test@123]]>
              </value>
            </param>
            <param index="2">
              <value>
                <![CDATA[Valid]]>
              </value>
            </param>
          </params>
          <reporter-output>
          </reporter-output>
        </test-method> <!-- test_LoginScreen -->
        <test-method is-config="true" signature="tearDown()[pri:0, instance:testCases.TC001_ValidateLoginScreen@14fc1f0]" started-at="2026-05-03T23:14:33 IST" name="tearDown" finished-at="2026-05-03T23:14:33 IST" duration-ms="88" status="PASS">
          <reporter-output>
          </reporter-output>
        </test-method> <!-- tearDown -->
      </class> <!-- testCases.TC001_ValidateLoginScreen -->
    </test> <!-- Test1 -->
  </suite> <!-- MasterAutomationSuite -->
</testng-results>
