<?xml version="1.0" encoding="UTF-8"?>
<!-- Generated by org.testng.reporters.JUnitXMLReporter -->
<testsuite ignored="0" hostname="Sahils-MacBook-Air.local" failures="1" tests="3" name="grid tests" time="13.496" errors="0" timestamp="2026-04-27T23:06:29 IST">
  <testcase classname="testCases.TC001_ValidateLoginScreen" name="test_LoginScreen" time="2.433"/>
  <testcase classname="testCases.TC001_ValidateLoginScreen" name="test_LoginScreen" time="1.656"/>
  <testcase classname="testCases.TC001_ValidateLoginScreen" name="test_LoginScreen" time="6.786">
    <failure type="java.lang.AssertionError" message="null">
      <![CDATA[java.lang.AssertionError: null
at testCases.TC001_ValidateLoginScreen.test_LoginScreen(TC001_ValidateLoginScreen.java:68)
at java.base/java.util.ArrayList.forEach(ArrayList.java:1604)
... Removed 27 stack frames]]>
    </failure>
  </testcase> <!-- test_LoginScreen -->
</testsuite> <!-- grid tests -->
